WARNING: Using hardcoded secret key - set FLASK_SECRET_KEY env var in production
App initialized with secret key hash: -8665792682489921342
INFO:__main__:Starting database initialization...
INFO:__main__:Creating users table...
INFO:__main__:Checking for missing columns...
INFO:__main__:Column email already exists
INFO:__main__:Column first_name already exists
INFO:__main__:Column last_name already exists
INFO:__main__:Column age already exists
INFO:__main__:Column fitness_level already exists
INFO:__main__:Column primary_goal already exists
INFO:__main__:Column created_at already exists
INFO:__main__:Column country already exists
INFO:__main__:Column city already exists
INFO:__main__:Column industry already exists
INFO:__main__:Column role already exists
INFO:__main__:Column company already exists
INFO:__main__:Column degree already exists
INFO:__main__:Column school already exists
INFO:__main__:Column skills already exists
INFO:__main__:Column linkedin already exists
INFO:__main__:Column experience already exists
INFO:__main__:Column mobile already exists
INFO:__main__:Inserting admin user...
INFO:__main__:Creating posts table...
INFO:__main__:Creating crossfit entries table...
INFO:__main__:Creating replies table...
INFO:__main__:Creating reactions table...
INFO:__main__:Creating reply_reactions table...
INFO:__main__:Creating key_posts table...
INFO:__main__:Creating communities table...
INFO:__main__:Creating user_communities table...
WARNING:__main__:Could not add role column: near "SHOW": syntax error
INFO:__main__:Creating community_files table...
INFO:__main__:Creating notifications table...
INFO:__main__:Ensuring useful_docs table...
INFO:__main__:Ensuring useful_links table...
INFO:__main__:Creating community_announcements table...
INFO:__main__:Creating api_usage table...
INFO:__main__:Creating saved_data table...
INFO:__main__:Creating messages table...
INFO:__main__:Creating workout tables...
INFO:__main__:Creating polls table...
INFO:__main__:Creating poll_options table...
INFO:__main__:Creating poll_votes table...
WARNING:__main__:poll_votes migration skipped or failed: near "SHOW": syntax error
INFO:__main__:Creating community_issues table...
INFO:__main__:Creating issue_upvotes table...
INFO:__main__:Creating password_reset_tokens table...
INFO:__main__:Creating university_ads table...
INFO:__main__:Creating user activity tracking tables...
INFO:__main__:Creating resource sharing tables...
INFO:__main__:Creating clubs and organizations tables...
INFO:__main__:Creating community admins table...
INFO:__main__:Adding is_active columns...
INFO:__main__:Checking calendar_events table...
INFO:__main__:Creating event RSVPs table...
INFO:__main__:Creating event invitations table...
INFO:__main__:Database initialization completed successfully
INFO:__main__:Database indexes ensured
INFO:__main__:Column description already exists in communities table
INFO:__main__:Column location already exists in communities table
INFO:__main__:Column background_path already exists in communities table
INFO:__main__:Column template already exists in communities table
INFO:__main__:Column background_color already exists in communities table
INFO:__main__:Column text_color already exists in communities table
INFO:__main__:Column accent_color already exists in communities table
INFO:__main__:Column card_color already exists in communities table
INFO:__main__:Column parent_community_id already exists in communities table
INFO:__main__:Column parent_reply_id already exists in replies table
WARNING:__main__:Could not ensure is_read column on messages: near "SHOW": syntax error
WARNING:__main__:Could not ensure image_path column on messages: near "SHOW": syntax error
WARNING:__main__:Could not ensure users.role: duplicate column name: role
WARNING:__main__:Could not ensure users.company: duplicate column name: company
WARNING:__main__:Could not ensure users.industry: duplicate column name: industry
WARNING:__main__:Could not ensure users.degree: duplicate column name: degree
WARNING:__main__:Could not ensure users.school: duplicate column name: school
WARNING:__main__:Could not ensure users.skills: duplicate column name: skills
WARNING:__main__:Could not ensure users.linkedin: duplicate column name: linkedin
WARNING:__main__:Could not ensure users.experience: duplicate column name: experience
INFO:__main__:Missing tables and columns added successfully
INFO:__main__:Database path: /workspace/users.db
INFO:__main__:Users table exists. Checking for missing tables and columns...
INFO:__main__:Column description already exists in communities table
INFO:__main__:Column location already exists in communities table
INFO:__main__:Column background_path already exists in communities table
INFO:__main__:Column template already exists in communities table
INFO:__main__:Column background_color already exists in communities table
INFO:__main__:Column text_color already exists in communities table
INFO:__main__:Column accent_color already exists in communities table
INFO:__main__:Column card_color already exists in communities table
INFO:__main__:Column parent_community_id already exists in communities table
INFO:__main__:Column parent_reply_id already exists in replies table
WARNING:__main__:Could not ensure is_read column on messages: near "SHOW": syntax error
WARNING:__main__:Could not ensure image_path column on messages: near "SHOW": syntax error
WARNING:__main__:Could not ensure users.role: duplicate column name: role
WARNING:__main__:Could not ensure users.company: duplicate column name: company
WARNING:__main__:Could not ensure users.industry: duplicate column name: industry
WARNING:__main__:Could not ensure users.degree: duplicate column name: degree
WARNING:__main__:Could not ensure users.school: duplicate column name: school
WARNING:__main__:Could not ensure users.skills: duplicate column name: skills
WARNING:__main__:Could not ensure users.linkedin: duplicate column name: linkedin
WARNING:__main__:Could not ensure users.experience: duplicate column name: experience
INFO:__main__:Missing tables and columns added successfully
INFO:__main__:Database check completed successfully
INFO:__main__:Database initialized successfully on startup
INFO:__main__:Paulo user not found; skipping gym membership ensure
 * Serving Flask app 'bodybuilding_app'
 * Debug mode: off
INFO:werkzeug:[31m[1mWARNING: This is a development server. Do not use it in a production deployment. Use a production WSGI server instead.[0m
 * Running on all addresses (0.0.0.0)
 * Running on http://127.0.0.1:8080
 * Running on http://172.30.0.2:8080
INFO:werkzeug:[33mPress CTRL+C to quit[0m
INFO:werkzeug:127.0.0.1 - - [27/Sep/2025 16:56:20] "GET /health HTTP/1.1" 200 -
INFO:werkzeug:127.0.0.1 - - [27/Sep/2025 16:56:42] "GET /api/test HTTP/1.1" 200 -
INFO:__main__:No username in session, redirecting to index
INFO:werkzeug:127.0.0.1 - - [27/Sep/2025 16:56:42] "[32mGET /api/home_timeline HTTP/1.1[0m" 302 -
